Looking for git in: git
Using git 2.7.4 from git
> git rev-parse --show-toplevel
> git config --get commit.template
Open repository: /home/rahuld/AngularTric _Workplace/Live-Projects/Preschool
> git status -z -u
> git symbolic-ref --short HEAD
> git rev-parse feature-youtube
> git rev-parse --symbolic-full-name feature-youtube@{u}
> git rev-list --left-right feature-youtube...refs/remotes/origin/feature-youtube
> git for-each-ref --format %(refname) %(objectname) --sort -committerdate
> git remote --verbose
> git check-ignore -z --stdin
> git check-ignore -z --stdin
> git check-ignore -z --stdin
> git check-ignore -z --stdin
> git check-ignore -z --stdin
> git check-ignore -z --stdin
> git check-ignore -z --stdin
> git show :src/app/services/youtube.service.ts
> git check-ignore -z --stdin
> git status -z -u
> git symbolic-ref --short HEAD
> git rev-parse feature-youtube
> git rev-parse --symbolic-full-name feature-youtube@{u}
> git rev-list --left-right feature-youtube...refs/remotes/origin/feature-youtube
> git for-each-ref --format %(refname) %(objectname) --sort -committerdate
> git remote --verbose
> git status -z -u
> git symbolic-ref --short HEAD
> git rev-parse feature-youtube
> git rev-parse --symbolic-full-name feature-youtube@{u}
> git rev-list --left-right feature-youtube...refs/remotes/origin/feature-youtube
> git for-each-ref --format %(refname) %(objectname) --sort -committerdate
> git remote --verbose
> git status -z -u
> git symbolic-ref --short HEAD
> git rev-parse feature-youtube
> git rev-parse --symbolic-full-name feature-youtube@{u}
> git rev-list --left-right feature-youtube...refs/remotes/origin/feature-youtube
> git for-each-ref --format %(refname) %(objectname) --sort -committerdate
> git remote --verbose
> git check-ignore -z --stdin
> git show :src/app/video-page-component/video-page-component.ts
> git status -z -u
> git symbolic-ref --short HEAD
> git rev-parse feature-youtube
> git rev-parse --symbolic-full-name feature-youtube@{u}
> git rev-list --left-right feature-youtube...refs/remotes/origin/feature-youtube
> git for-each-ref --format %(refname) %(objectname) --sort -committerdate
> git remote --verbose
> git status -z -u
> git symbolic-ref --short HEAD
> git rev-parse feature-youtube
> git rev-parse --symbolic-full-name feature-youtube@{u}
> git rev-list --left-right feature-youtube...refs/remotes/origin/feature-youtube
> git for-each-ref --format %(refname) %(objectname) --sort -committerdate
> git remote --verbose
> git show :src/app/video-page-component/video-page-component.html
> git show :src/app/video-page-component/video-page-component.ts
> git show :src/app/services/youtube.service.ts
> git show :src/app/video-page-component/video-page-component.html
> git show :src/app/video-page-component/video-page-component.ts
> git show :src/app/video-page-component/video-page-component.html
> git show :src/app/video-page-component/video-page-component.ts
> git show :src/app/video-page-component/video-page-component.html
> git status -z -u
> git symbolic-ref --short HEAD
> git rev-parse feature-youtube
> git rev-parse --symbolic-full-name feature-youtube@{u}
> git rev-list --left-right feature-youtube...refs/remotes/origin/feature-youtube
> git for-each-ref --format %(refname) %(objectname) --sort -committerdate
> git remote --verbose
> git show :src/app/video-page-component/video-page-component.ts
> git show :src/app/app.module.ts
> git status -z -u
> git symbolic-ref --short HEAD
> git rev-parse feature-youtube
> git rev-parse --symbolic-full-name feature-youtube@{u}
> git rev-list --left-right feature-youtube...refs/remotes/origin/feature-youtube
> git for-each-ref --format %(refname) %(objectname) --sort -committerdate
> git remote --verbose
> git show :src/app/video-page-component/video-page-component.ts
> git status -z -u
> git symbolic-ref --short HEAD
> git rev-parse feature-youtube
> git rev-parse --symbolic-full-name feature-youtube@{u}
> git rev-list --left-right feature-youtube...refs/remotes/origin/feature-youtube
> git for-each-ref --format %(refname) %(objectname) --sort -committerdate
> git remote --verbose
> git show :src/app/services/youtube.service.ts
> git status -z -u
> git symbolic-ref --short HEAD
> git rev-parse feature-youtube
> git rev-parse --symbolic-full-name feature-youtube@{u}
> git rev-list --left-right feature-youtube...refs/remotes/origin/feature-youtube
> git for-each-ref --format %(refname) %(objectname) --sort -committerdate
> git remote --verbose
> git show :src/app/video-page-component/video-page-component.ts
> git show :src/app/video-page-component/video-page-component.html
> git show :src/app/video-page-component/video-page-component.ts
> git status -z -u
> git symbolic-ref --short HEAD
> git rev-parse feature-youtube
> git rev-parse --symbolic-full-name feature-youtube@{u}
> git rev-list --left-right feature-youtube...refs/remotes/origin/feature-youtube
> git for-each-ref --format %(refname) %(objectname) --sort -committerdate
> git remote --verbose
> git show :src/app/video-page-component/video-page-component.html
> git show :src/app/video-page-component/video-page-component.ts
> git show :src/app/services/youtube.service.ts
> git status -z -u
> git symbolic-ref --short HEAD
> git rev-parse feature-youtube
> git rev-parse --symbolic-full-name feature-youtube@{u}
> git rev-list --left-right feature-youtube...refs/remotes/origin/feature-youtube
> git for-each-ref --format %(refname) %(objectname) --sort -committerdate
> git remote --verbose
> git show :src/app/video-page-component/video-page-component.ts
> git status -z -u
> git symbolic-ref --short HEAD
> git rev-parse feature-youtube
> git rev-parse --symbolic-full-name feature-youtube@{u}
> git rev-list --left-right feature-youtube...refs/remotes/origin/feature-youtube
> git for-each-ref --format %(refname) %(objectname) --sort -committerdate
> git remote --verbose
> git status -z -u
> git symbolic-ref --short HEAD
> git rev-parse feature-youtube
> git rev-parse --symbolic-full-name feature-youtube@{u}
> git rev-list --left-right feature-youtube...refs/remotes/origin/feature-youtube
> git for-each-ref --format %(refname) %(objectname) --sort -committerdate
> git remote --verbose
> git show :src/app/video-page-component/video-page-component.html
> git status -z -u
> git symbolic-ref --short HEAD
> git rev-parse feature-youtube
> git rev-parse --symbolic-full-name feature-youtube@{u}
> git rev-list --left-right feature-youtube...refs/remotes/origin/feature-youtube
> git for-each-ref --format %(refname) %(objectname) --sort -committerdate
> git remote --verbose
> git show :src/app/services/youtube.service.ts
> git show :src/app/video-page-component/video-page-component.html
> git status -z -u
> git symbolic-ref --short HEAD
> git rev-parse feature-youtube
> git rev-parse --symbolic-full-name feature-youtube@{u}
> git rev-list --left-right feature-youtube...refs/remotes/origin/feature-youtube
> git for-each-ref --format %(refname) %(objectname) --sort -committerdate
> git remote --verbose
> git status -z -u
> git symbolic-ref --short HEAD
> git rev-parse feature-youtube
> git rev-parse --symbolic-full-name feature-youtube@{u}
> git rev-list --left-right feature-youtube...refs/remotes/origin/feature-youtube
> git for-each-ref --format %(refname) %(objectname) --sort -committerdate
> git remote --verbose
> git show :src/app/services/youtube.service.ts
> git show :src/app/video-page-component/video-page-component.html
> git show :src/app/services/youtube.service.ts
> git show :src/app/video-page-component/video-page-component.html
> git status -z -u
> git symbolic-ref --short HEAD
> git rev-parse feature-youtube
> git rev-parse --symbolic-full-name feature-youtube@{u}
> git rev-list --left-right feature-youtube...refs/remotes/origin/feature-youtube
> git for-each-ref --format %(refname) %(objectname) --sort -committerdate
> git remote --verbose
> git show :src/app/services/youtube.service.ts
> git status -z -u
> git symbolic-ref --short HEAD
> git rev-parse feature-youtube
> git rev-parse --symbolic-full-name feature-youtube@{u}
> git rev-list --left-right feature-youtube...refs/remotes/origin/feature-youtube
> git for-each-ref --format %(refname) %(objectname) --sort -committerdate
> git remote --verbose
> git show :src/app/video-page-component/video-page-component.ts
> git status -z -u
> git symbolic-ref --short HEAD
> git rev-parse feature-youtube
> git rev-parse --symbolic-full-name feature-youtube@{u}
> git rev-list --left-right feature-youtube...refs/remotes/origin/feature-youtube
> git for-each-ref --format %(refname) %(objectname) --sort -committerdate
> git remote --verbose
> git status -z -u
> git symbolic-ref --short HEAD
> git rev-parse feature-youtube
> git rev-parse --symbolic-full-name feature-youtube@{u}
> git rev-list --left-right feature-youtube...refs/remotes/origin/feature-youtube
> git for-each-ref --format %(refname) %(objectname) --sort -committerdate
> git remote --verbose
> git show :src/app/video-page-component/video-page-component.html
> git show :src/app/video-page-component/video-page-component.ts
> git show :src/app/video-page-component/video-page-component.html
> git show :src/app/video-page-component/video-page-component.ts
> git show :src/app/services/youtube.service.ts
> git show :src/app/video-page-component/video-page-component.ts
> git status -z -u
> git symbolic-ref --short HEAD
> git rev-parse feature-youtube
> git rev-parse --symbolic-full-name feature-youtube@{u}
> git rev-list --left-right feature-youtube...refs/remotes/origin/feature-youtube
> git for-each-ref --format %(refname) %(objectname) --sort -committerdate
> git remote --verbose
> git show :src/app/video-page-component/video-page-component.html
> git show :src/app/video-page-component/video-page-component.ts
> git show :src/app/video-page-component/video-page-component.html
> git status -z -u
> git symbolic-ref --short HEAD
> git rev-parse feature-youtube
> git rev-parse --symbolic-full-name feature-youtube@{u}
> git rev-list --left-right feature-youtube...refs/remotes/origin/feature-youtube
> git for-each-ref --format %(refname) %(objectname) --sort -committerdate
> git remote --verbose
> git show :src/app/video-page-component/video-page-component.ts
> git show :src/app/video-page-component/video-page-component.html
> git show :src/app/video-page-component/video-page-component.ts
> git status -z -u
> git symbolic-ref --short HEAD
> git rev-parse feature-youtube
> git rev-parse --symbolic-full-name feature-youtube@{u}
> git rev-list --left-right feature-youtube...refs/remotes/origin/feature-youtube
> git for-each-ref --format %(refname) %(objectname) --sort -committerdate
> git remote --verbose
> git show :src/app/video-page-component/video-page-component.html
> git status -z -u
> git symbolic-ref --short HEAD
> git rev-parse feature-youtube
> git rev-parse --symbolic-full-name feature-youtube@{u}
> git rev-list --left-right feature-youtube...refs/remotes/origin/feature-youtube
> git for-each-ref --format %(refname) %(objectname) --sort -committerdate
> git remote --verbose
> git show :src/app/video-page-component/video-page-component.ts
> git show :src/app/video-page-component/video-page-component.html
> git status -z -u
> git symbolic-ref --short HEAD
> git rev-parse feature-youtube
> git rev-parse --symbolic-full-name feature-youtube@{u}
> git rev-list --left-right feature-youtube...refs/remotes/origin/feature-youtube
> git for-each-ref --format %(refname) %(objectname) --sort -committerdate
> git remote --verbose
> git show :src/app/video-page-component/video-page-component.ts
> git show :src/app/video-page-component/video-page-component.html
> git status -z -u
> git symbolic-ref --short HEAD
> git rev-parse feature-youtube
> git rev-parse --symbolic-full-name feature-youtube@{u}
> git rev-list --left-right feature-youtube...refs/remotes/origin/feature-youtube
> git for-each-ref --format %(refname) %(objectname) --sort -committerdate
> git remote --verbose
> git show :src/app/video-page-component/video-page-component.ts
> git show :src/app/video-page-component/video-page-component.html
> git show :src/app/video-page-component/video-page-component.ts
> git show :src/app/video-page-component/video-page-component.html
> git status -z -u
> git symbolic-ref --short HEAD
> git rev-parse feature-youtube
> git rev-parse --symbolic-full-name feature-youtube@{u}
> git rev-list --left-right feature-youtube...refs/remotes/origin/feature-youtube
> git for-each-ref --format %(refname) %(objectname) --sort -committerdate
> git remote --verbose
> git status -z -u
> git symbolic-ref --short HEAD
> git rev-parse feature-youtube
> git rev-parse --symbolic-full-name feature-youtube@{u}
> git rev-list --left-right feature-youtube...refs/remotes/origin/feature-youtube
> git for-each-ref --format %(refname) %(objectname) --sort -committerdate
> git remote --verbose
> git status -z -u
> git symbolic-ref --short HEAD
> git rev-parse feature-youtube
> git rev-parse --symbolic-full-name feature-youtube@{u}
> git rev-list --left-right feature-youtube...refs/remotes/origin/feature-youtube
> git for-each-ref --format %(refname) %(objectname) --sort -committerdate
> git remote --verbose
> git status -z -u
> git symbolic-ref --short HEAD
> git rev-parse feature-youtube
> git rev-parse --symbolic-full-name feature-youtube@{u}
> git rev-list --left-right feature-youtube...refs/remotes/origin/feature-youtube
> git for-each-ref --format %(refname) %(objectname) --sort -committerdate
> git remote --verbose
> git status -z -u
> git symbolic-ref --short HEAD
> git rev-parse feature-youtube
> git rev-parse --symbolic-full-name feature-youtube@{u}
> git rev-list --left-right feature-youtube...refs/remotes/origin/feature-youtube
> git for-each-ref --format %(refname) %(objectname) --sort -committerdate
> git remote --verbose
> git check-ignore -z --stdin
> git status -z -u
> git symbolic-ref --short HEAD
> git rev-parse feature-youtube
> git rev-parse --symbolic-full-name feature-youtube@{u}
> git rev-list --left-right feature-youtube...refs/remotes/origin/feature-youtube
> git for-each-ref --format %(refname) %(objectname) --sort -committerdate
> git remote --verbose
> git check-ignore -z --stdin
> git status -z -u
> git symbolic-ref --short HEAD
> git rev-parse feature-youtube
> git rev-parse --symbolic-full-name feature-youtube@{u}
> git rev-list --left-right feature-youtube...refs/remotes/origin/feature-youtube
> git for-each-ref --format %(refname) %(objectname) --sort -committerdate
> git remote --verbose
> git show :src/app/pipes/safe
> git check-ignore -z --stdin
> git status -z -u
> git symbolic-ref --short HEAD
> git rev-parse feature-youtube
> git rev-parse --symbolic-full-name feature-youtube@{u}
> git rev-list --left-right feature-youtube...refs/remotes/origin/feature-youtube
> git for-each-ref --format %(refname) %(objectname) --sort -committerdate
> git remote --verbose
> git show :src/app/pipes/safe-youtube-url.pipe.ts
> git check-ignore -z --stdin
> git status -z -u
> git symbolic-ref --short HEAD
> git rev-parse feature-youtube
> git rev-parse --symbolic-full-name feature-youtube@{u}
> git rev-list --left-right feature-youtube...refs/remotes/origin/feature-youtube
> git for-each-ref --format %(refname) %(objectname) --sort -committerdate
> git remote --verbose
> git show :src/app/app.module.ts
> git show :src/app/video-page-component/video-page-component.html
> git show :src/app/app.module.ts
> git status -z -u
> git symbolic-ref --short HEAD
> git rev-parse feature-youtube
> git rev-parse --symbolic-full-name feature-youtube@{u}
> git rev-list --left-right feature-youtube...refs/remotes/origin/feature-youtube
> git for-each-ref --format %(refname) %(objectname) --sort -committerdate
> git remote --verbose
> git show :src/app/video-page-component/video-page-component.html
> git status -z -u
> git symbolic-ref --short HEAD
> git rev-parse feature-youtube
> git rev-parse --symbolic-full-name feature-youtube@{u}
> git rev-list --left-right feature-youtube...refs/remotes/origin/feature-youtube
> git for-each-ref --format %(refname) %(objectname) --sort -committerdate
> git remote --verbose
> git show :src/app/pipes/safe-youtube-url.pipe.ts
> git status -z -u
> git symbolic-ref --short HEAD
> git rev-parse feature-youtube
> git rev-parse --symbolic-full-name feature-youtube@{u}
> git rev-list --left-right feature-youtube...refs/remotes/origin/feature-youtube
> git for-each-ref --format %(refname) %(objectname) --sort -committerdate
> git remote --verbose
> git show :src/app/video-page-component/video-page-component.html
> git show :src/app/video-page-component/video-page-component.ts
> git show :src/app/video-page-component/video-page-component.html
> git status -z -u
> git symbolic-ref --short HEAD
> git rev-parse feature-youtube
> git rev-parse --symbolic-full-name feature-youtube@{u}
> git rev-list --left-right feature-youtube...refs/remotes/origin/feature-youtube
> git for-each-ref --format %(refname) %(objectname) --sort -committerdate
> git remote --verbose
> git show :src/app/pipes/safe-youtube-url.pipe.ts
> git status -z -u
> git symbolic-ref --short HEAD
> git rev-parse feature-youtube
> git rev-parse --symbolic-full-name feature-youtube@{u}
> git rev-list --left-right feature-youtube...refs/remotes/origin/feature-youtube
> git for-each-ref --format %(refname) %(objectname) --sort -committerdate
> git remote --verbose
> git show :src/app/video-page-component/video-page-component.html
> git status -z -u
> git symbolic-ref --short HEAD
> git rev-parse feature-youtube
> git rev-parse --symbolic-full-name feature-youtube@{u}
> git rev-list --left-right feature-youtube...refs/remotes/origin/feature-youtube
> git for-each-ref --format %(refname) %(objectname) --sort -committerdate
> git remote --verbose
> git status -z -u
> git symbolic-ref --short HEAD
> git rev-parse feature-youtube
> git rev-parse --symbolic-full-name feature-youtube@{u}
> git rev-list --left-right feature-youtube...refs/remotes/origin/feature-youtube
> git for-each-ref --format %(refname) %(objectname) --sort -committerdate
> git remote --verbose
> git show :src/app/video-page-component/video-page-component.ts
> git status -z -u
> git symbolic-ref --short HEAD
> git rev-parse feature-youtube
> git rev-parse --symbolic-full-name feature-youtube@{u}
> git rev-list --left-right feature-youtube...refs/remotes/origin/feature-youtube
> git for-each-ref --format %(refname) %(objectname) --sort -committerdate
> git remote --verbose
> git show :src/app/video-page-component/video-page-component.html
> git show :src/app/video-page-component/video-page-component.ts
> git show :src/app/video-page-component/video-page-component.html
> git status -z -u
> git symbolic-ref --short HEAD
> git rev-parse feature-youtube
> git rev-parse --symbolic-full-name feature-youtube@{u}
> git rev-list --left-right feature-youtube...refs/remotes/origin/feature-youtube
> git for-each-ref --format %(refname) %(objectname) --sort -committerdate
> git remote --verbose
> git show :src/app/services/youtube.service.ts
> git status -z -u
> git symbolic-ref --short HEAD
> git rev-parse feature-youtube
> git rev-parse --symbolic-full-name feature-youtube@{u}
> git rev-list --left-right feature-youtube...refs/remotes/origin/feature-youtube
> git for-each-ref --format %(refname) %(objectname) --sort -committerdate
> git remote --verbose
> git status -z -u
> git symbolic-ref --short HEAD
> git rev-parse feature-youtube
> git rev-parse --symbolic-full-name feature-youtube@{u}
> git rev-list --left-right feature-youtube...refs/remotes/origin/feature-youtube
> git for-each-ref --format %(refname) %(objectname) --sort -committerdate
> git remote --verbose
> git show :src/app/video-page-component/video-page-component.html
> git show :src/app/pipes/safe-youtube-url.pipe.ts
> git show :src/app/video-page-component/video-page-component.html
> git show :src/app/services/youtube.service.ts
> git show :src/app/video-page-component/video-page-component.html
> git show :src/app/services/youtube.service.ts
> git show :src/app/services/program-services.ts
> git show :src/app/services/youtube.service.ts
> git show :src/app/services/program-services.ts
> git status -z -u
> git symbolic-ref --short HEAD
> git rev-parse feature-youtube
> git rev-parse --symbolic-full-name feature-youtube@{u}
> git rev-list --left-right feature-youtube...refs/remotes/origin/feature-youtube
> git for-each-ref --format %(refname) %(objectname) --sort -committerdate
> git remote --verbose
> git show :src/app/services/youtube.service.ts
> git show :src/app/services/program-services.ts
> git show :src/app/services/youtube.service.ts
> git show :src/app/services/program-services.ts
> git show :src/app/services/youtube.service.ts
> git show :src/app/services/program-services.ts
> git show :src/app/services/youtube.service.ts
> git status -z -u
> git symbolic-ref --short HEAD
> git rev-parse feature-youtube
> git rev-parse --symbolic-full-name feature-youtube@{u}
> git rev-list --left-right feature-youtube...refs/remotes/origin/feature-youtube
> git for-each-ref --format %(refname) %(objectname) --sort -committerdate
> git remote --verbose
> git status -z -u
> git symbolic-ref --short HEAD
> git rev-parse feature-youtube
> git rev-parse --symbolic-full-name feature-youtube@{u}
> git rev-list --left-right feature-youtube...refs/remotes/origin/feature-youtube
> git for-each-ref --format %(refname) %(objectname) --sort -committerdate
> git remote --verbose
> git status -z -u
> git symbolic-ref --short HEAD
> git rev-parse feature-youtube
> git rev-parse --symbolic-full-name feature-youtube@{u}
> git rev-list --left-right feature-youtube...refs/remotes/origin/feature-youtube
> git for-each-ref --format %(refname) %(objectname) --sort -committerdate
> git remote --verbose
> git status -z -u
> git symbolic-ref --short HEAD
> git rev-parse feature-youtube
> git rev-parse --symbolic-full-name feature-youtube@{u}
> git rev-list --left-right feature-youtube...refs/remotes/origin/feature-youtube
> git for-each-ref --format %(refname) %(objectname) --sort -committerdate
> git remote --verbose
> git status -z -u
> git symbolic-ref --short HEAD
> git rev-parse feature-youtube
> git rev-parse --symbolic-full-name feature-youtube@{u}
> git rev-list --left-right feature-youtube...refs/remotes/origin/feature-youtube
> git for-each-ref --format %(refname) %(objectname) --sort -committerdate
> git remote --verbose
> git show :src/app/video-page-component/video-page-component.ts
> git status -z -u
> git symbolic-ref --short HEAD
> git rev-parse feature-youtube
> git rev-parse --symbolic-full-name feature-youtube@{u}
> git rev-list --left-right feature-youtube...refs/remotes/origin/feature-youtube
> git for-each-ref --format %(refname) %(objectname) --sort -committerdate
> git remote --verbose
> git status -z -u
> git symbolic-ref --short HEAD
> git rev-parse feature-youtube
> git rev-parse --symbolic-full-name feature-youtube@{u}
> git rev-list --left-right feature-youtube...refs/remotes/origin/feature-youtube
> git for-each-ref --format %(refname) %(objectname) --sort -committerdate
> git remote --verbose
> git show :src/app/video-page-component/video-page-component.html
> git show :src/app/video-page-component/video-page-component.ts
> git status -z -u
> git symbolic-ref --short HEAD
> git rev-parse feature-youtube
> git rev-parse --symbolic-full-name feature-youtube@{u}
> git rev-list --left-right feature-youtube...refs/remotes/origin/feature-youtube
> git for-each-ref --format %(refname) %(objectname) --sort -committerdate
> git remote --verbose
> git show :src/app/services/youtube.service.ts
> git status -z -u
> git symbolic-ref --short HEAD
> git rev-parse feature-youtube
> git rev-parse --symbolic-full-name feature-youtube@{u}
> git rev-list --left-right feature-youtube...refs/remotes/origin/feature-youtube
> git for-each-ref --format %(refname) %(objectname) --sort -committerdate
> git remote --verbose
> git show :src/app/services/program-services.ts
> git show :src/app/video-page-component/video-page-component.ts
> git status -z -u
> git symbolic-ref --short HEAD
> git rev-parse feature-youtube
> git rev-parse --symbolic-full-name feature-youtube@{u}
> git rev-list --left-right feature-youtube...refs/remotes/origin/feature-youtube
> git for-each-ref --format %(refname) %(objectname) --sort -committerdate
> git remote --verbose
> git show :src/app/video-page-component/video-page-component.html
> git status -z -u
> git symbolic-ref --short HEAD
> git rev-parse feature-youtube
> git rev-parse --symbolic-full-name feature-youtube@{u}
> git rev-list --left-right feature-youtube...refs/remotes/origin/feature-youtube
> git for-each-ref --format %(refname) %(objectname) --sort -committerdate
> git remote --verbose
> git show :src/app/services/youtube.service.ts
> git status -z -u
> git symbolic-ref --short HEAD
> git rev-parse feature-youtube
> git rev-parse --symbolic-full-name feature-youtube@{u}
> git rev-list --left-right feature-youtube...refs/remotes/origin/feature-youtube
> git for-each-ref --format %(refname) %(objectname) --sort -committerdate
> git remote --verbose
> git status -z -u
> git symbolic-ref --short HEAD
> git rev-parse feature-youtube
> git rev-parse --symbolic-full-name feature-youtube@{u}
> git rev-list --left-right feature-youtube...refs/remotes/origin/feature-youtube
> git for-each-ref --format %(refname) %(objectname) --sort -committerdate
> git remote --verbose
> git status -z -u
> git symbolic-ref --short HEAD
> git rev-parse feature-youtube
> git rev-parse --symbolic-full-name feature-youtube@{u}
> git rev-list --left-right feature-youtube...refs/remotes/origin/feature-youtube
> git for-each-ref --format %(refname) %(objectname) --sort -committerdate
> git remote --verbose
> git status -z -u
> git symbolic-ref --short HEAD
> git rev-parse feature-youtube
> git rev-parse --symbolic-full-name feature-youtube@{u}
> git rev-list --left-right feature-youtube...refs/remotes/origin/feature-youtube
> git for-each-ref --format %(refname) %(objectname) --sort -committerdate
> git remote --verbose
> git show :src/app/video-page-component/video-page-component.html
> git show :src/app/services/youtube.service.ts
> git show :src/app/video-page-component/video-page-component.ts
> git status -z -u
> git symbolic-ref --short HEAD
> git rev-parse feature-youtube
> git rev-parse --symbolic-full-name feature-youtube@{u}
> git rev-list --left-right feature-youtube...refs/remotes/origin/feature-youtube
> git for-each-ref --format %(refname) %(objectname) --sort -committerdate
> git remote --verbose
> git status -z -u
> git symbolic-ref --short HEAD
> git rev-parse feature-youtube
> git rev-parse --symbolic-full-name feature-youtube@{u}
> git rev-list --left-right feature-youtube...refs/remotes/origin/feature-youtube
> git for-each-ref --format %(refname) %(objectname) --sort -committerdate
> git remote --verbose
> git status -z -u
> git symbolic-ref --short HEAD
> git rev-parse feature-youtube
> git rev-parse --symbolic-full-name feature-youtube@{u}
> git rev-list --left-right feature-youtube...refs/remotes/origin/feature-youtube
> git for-each-ref --format %(refname) %(objectname) --sort -committerdate
> git remote --verbose
> git status -z -u
> git symbolic-ref --short HEAD
> git rev-parse feature-youtube
> git rev-parse --symbolic-full-name feature-youtube@{u}
> git rev-list --left-right feature-youtube...refs/remotes/origin/feature-youtube
> git for-each-ref --format %(refname) %(objectname) --sort -committerdate
> git remote --verbose
> git status -z -u
> git symbolic-ref --short HEAD
> git rev-parse feature-youtube
> git rev-parse --symbolic-full-name feature-youtube@{u}
> git rev-list --left-right feature-youtube...refs/remotes/origin/feature-youtube
> git for-each-ref --format %(refname) %(objectname) --sort -committerdate
> git remote --verbose
> git status -z -u
> git symbolic-ref --short HEAD
> git rev-parse feature-youtube
> git rev-parse --symbolic-full-name feature-youtube@{u}
> git rev-list --left-right feature-youtube...refs/remotes/origin/feature-youtube
> git for-each-ref --format %(refname) %(objectname) --sort -committerdate
> git remote --verbose
> git show :src/app/services/youtube.service.ts
> git status -z -u
> git symbolic-ref --short HEAD
> git rev-parse feature-youtube
> git rev-parse --symbolic-full-name feature-youtube@{u}
> git rev-list --left-right feature-youtube...refs/remotes/origin/feature-youtube
> git for-each-ref --format %(refname) %(objectname) --sort -committerdate
> git remote --verbose
> git status -z -u
> git symbolic-ref --short HEAD
> git rev-parse feature-youtube
> git rev-parse --symbolic-full-name feature-youtube@{u}
> git rev-list --left-right feature-youtube...refs/remotes/origin/feature-youtube
> git for-each-ref --format %(refname) %(objectname) --sort -committerdate
> git remote --verbose
> git status -z -u
> git symbolic-ref --short HEAD
> git rev-parse feature-youtube
> git rev-parse --symbolic-full-name feature-youtube@{u}
> git rev-list --left-right feature-youtube...refs/remotes/origin/feature-youtube
> git for-each-ref --format %(refname) %(objectname) --sort -committerdate
> git remote --verbose
> git status -z -u
> git symbolic-ref --short HEAD
> git rev-parse feature-youtube
> git rev-parse --symbolic-full-name feature-youtube@{u}
> git rev-list --left-right feature-youtube...refs/remotes/origin/feature-youtube
> git for-each-ref --format %(refname) %(objectname) --sort -committerdate
> git remote --verbose
> git status -z -u
> git symbolic-ref --short HEAD
> git rev-parse feature-youtube
> git rev-parse --symbolic-full-name feature-youtube@{u}
> git rev-list --left-right feature-youtube...refs/remotes/origin/feature-youtube
> git for-each-ref --format %(refname) %(objectname) --sort -committerdate
> git remote --verbose
> git status -z -u
> git symbolic-ref --short HEAD
> git rev-parse feature-youtube
> git rev-parse --symbolic-full-name feature-youtube@{u}
> git rev-list --left-right feature-youtube...refs/remotes/origin/feature-youtube
> git for-each-ref --format %(refname) %(objectname) --sort -committerdate
> git remote --verbose
> git status -z -u
> git symbolic-ref --short HEAD
> git rev-parse feature-youtube
> git rev-parse --symbolic-full-name feature-youtube@{u}
> git rev-list --left-right feature-youtube...refs/remotes/origin/feature-youtube
> git for-each-ref --format %(refname) %(objectname) --sort -committerdate
> git remote --verbose
> git status -z -u
> git symbolic-ref --short HEAD
> git rev-parse feature-youtube
> git rev-parse --symbolic-full-name feature-youtube@{u}
> git rev-list --left-right feature-youtube...refs/remotes/origin/feature-youtube
> git for-each-ref --format %(refname) %(objectname) --sort -committerdate
> git remote --verbose
> git status -z -u
> git symbolic-ref --short HEAD
> git rev-parse feature-youtube
> git rev-parse --symbolic-full-name feature-youtube@{u}
> git rev-list --left-right feature-youtube...refs/remotes/origin/feature-youtube
> git for-each-ref --format %(refname) %(objectname) --sort -committerdate
> git remote --verbose
> git status -z -u
> git symbolic-ref --short HEAD
> git rev-parse feature-youtube
> git rev-parse --symbolic-full-name feature-youtube@{u}
> git rev-list --left-right feature-youtube...refs/remotes/origin/feature-youtube
> git for-each-ref --format %(refname) %(objectname) --sort -committerdate
> git remote --verbose
> git status -z -u
> git symbolic-ref --short HEAD
> git rev-parse feature-youtube
> git rev-parse --symbolic-full-name feature-youtube@{u}
> git rev-list --left-right feature-youtube...refs/remotes/origin/feature-youtube
> git for-each-ref --format %(refname) %(objectname) --sort -committerdate
> git remote --verbose
> git status -z -u
> git symbolic-ref --short HEAD
> git rev-parse feature-youtube
> git rev-parse --symbolic-full-name feature-youtube@{u}
> git rev-list --left-right feature-youtube...refs/remotes/origin/feature-youtube
> git for-each-ref --format %(refname) %(objectname) --sort -committerdate
> git remote --verbose
> git show :src/app/video-page-component/video-page-component.ts
> git status -z -u
> git symbolic-ref --short HEAD
> git rev-parse feature-youtube
> git rev-parse --symbolic-full-name feature-youtube@{u}
> git rev-list --left-right feature-youtube...refs/remotes/origin/feature-youtube
> git for-each-ref --format %(refname) %(objectname) --sort -committerdate
> git remote --verbose
> git status -z -u
> git symbolic-ref --short HEAD
> git rev-parse feature-youtube
> git rev-parse --symbolic-full-name feature-youtube@{u}
> git rev-list --left-right feature-youtube...refs/remotes/origin/feature-youtube
> git for-each-ref --format %(refname) %(objectname) --sort -committerdate
> git remote --verbose
> git show :src/app/services/youtube.service.ts
> git show :src/app/video-page-component/video-page-component.ts
> git show :src/app/video-page-component/video-page-component.html
> git show :src/app/video-page-component/video-page-component.ts
> git status -z -u
> git symbolic-ref --short HEAD
> git rev-parse feature-youtube
> git rev-parse --symbolic-full-name feature-youtube@{u}
> git rev-list --left-right feature-youtube...refs/remotes/origin/feature-youtube
> git for-each-ref --format %(refname) %(objectname) --sort -committerdate
> git remote --verbose
> git show :src/app/video-page-component/video-page-component.html
> git show :src/app/services/youtube.service.ts
> git status -z -u
> git symbolic-ref --short HEAD
> git rev-parse feature-youtube
> git rev-parse --symbolic-full-name feature-youtube@{u}
> git rev-list --left-right feature-youtube...refs/remotes/origin/feature-youtube
> git for-each-ref --format %(refname) %(objectname) --sort -committerdate
> git remote --verbose
> git show :src/app/video-page-component/video-page-component.html
> git status -z -u
> git symbolic-ref --short HEAD
> git rev-parse feature-youtube
> git rev-parse --symbolic-full-name feature-youtube@{u}
> git rev-list --left-right feature-youtube...refs/remotes/origin/feature-youtube
> git for-each-ref --format %(refname) %(objectname) --sort -committerdate
> git remote --verbose
> git status -z -u
> git symbolic-ref --short HEAD
> git rev-parse feature-youtube
> git rev-parse --symbolic-full-name feature-youtube@{u}
> git rev-list --left-right feature-youtube...refs/remotes/origin/feature-youtube
> git for-each-ref --format %(refname) %(objectname) --sort -committerdate
> git remote --verbose
> git show :src/app/services/youtube.service.ts
